2024-05-06 00:15:46.450378: I external/local_tsl/tsl/cuda/cudart_stub.cc:32] Could not find cuda drivers on your machine, GPU will not be used.
2024-05-06 00:15:46.454719: I external/local_tsl/tsl/cuda/cudart_stub.cc:32] Could not find cuda drivers on your machine, GPU will not be used.
2024-05-06 00:15:47.637804: W tensorflow/compiler/tf2tensorrt/utils/py_utils.cc:38] TF-TRT Warning: Could not find TensorRT
Model: "sequential"
┏━━━━━━━━━━━━━━━━━━━━━━━━━━━━━━━━━━━━━━┳━━━━━━━━━━━━━━━━━━━━━━━━━━━━━┳━━━━━━━━━━━━━━━━━┓
┃ Layer (type)                         ┃ Output Shape                ┃         Param # ┃
┡━━━━━━━━━━━━━━━━━━━━━━━━━━━━━━━━━━━━━━╇━━━━━━━━━━━━━━━━━━━━━━━━━━━━━╇━━━━━━━━━━━━━━━━━┩
│ embedding (Embedding)                │ ?                           │     0 (unbuilt) │
├──────────────────────────────────────┼─────────────────────────────┼─────────────────┤
│ lstm (LSTM)                          │ ?                           │     0 (unbuilt) │
├──────────────────────────────────────┼─────────────────────────────┼─────────────────┤
│ dense (Dense)                        │ ?                           │     0 (unbuilt) │
└──────────────────────────────────────┴─────────────────────────────┴─────────────────┘
 Total params: 0 (0.00 B)
 Trainable params: 0 (0.00 B)
 Non-trainable params: 0 (0.00 B)
Epoch 1/100
69/70 ━━━━━━━━━━━━━━━━━━━━ 0s 56ms/step - accuracy: 0.8719 - loss: 0.4378/home/en110y/Projects/IF-102-Project/env/lib/python3.10/site-packages/keras/src/callbacks/early_stopping.py:155: UserWarning: Early stopping conditioned on metric `val_loss` which is not available. Available metrics are: accuracy,loss
  current = self.get_monitor_value(logs)
70/70 ━━━━━━━━━━━━━━━━━━━━ 6s 59ms/step - accuracy: 0.8719 - loss: 0.4369
Epoch 2/100
70/70 ━━━━━━━━━━━━━━━━━━━━ 4s 57ms/step - accuracy: 0.9103 - loss: 0.2180
Epoch 3/100
70/70 ━━━━━━━━━━━━━━━━━━━━ 4s 57ms/step - accuracy: 0.9834 - loss: 0.0867
Epoch 4/100
70/70 ━━━━━━━━━━━━━━━━━━━━ 4s 57ms/step - accuracy: 0.9897 - loss: 0.0557
Epoch 5/100
70/70 ━━━━━━━━━━━━━━━━━━━━ 4s 58ms/step - accuracy: 0.9918 - loss: 0.0427
Epoch 6/100
70/70 ━━━━━━━━━━━━━━━━━━━━ 4s 57ms/step - accuracy: 0.9930 - loss: 0.0326
Epoch 7/100
70/70 ━━━━━━━━━━━━━━━━━━━━ 4s 58ms/step - accuracy: 0.9430 - loss: 0.1614
Epoch 8/100
70/70 ━━━━━━━━━━━━━━━━━━━━ 4s 57ms/step - accuracy: 0.8585 - loss: 0.2160
Epoch 9/100
70/70 ━━━━━━━━━━━━━━━━━━━━ 4s 59ms/step - accuracy: 0.8661 - loss: 0.4103
Epoch 10/100
70/70 ━━━━━━━━━━━━━━━━━━━━ 4s 59ms/step - accuracy: 0.8727 - loss: 0.3818
Epoch 11/100
70/70 ━━━━━━━━━━━━━━━━━━━━ 4s 58ms/step - accuracy: 0.8670 - loss: 0.3924
Epoch 12/100
70/70 ━━━━━━━━━━━━━━━━━━━━ 4s 58ms/step - accuracy: 0.8564 - loss: 0.4117
Epoch 13/100
70/70 ━━━━━━━━━━━━━━━━━━━━ 4s 57ms/step - accuracy: 0.8605 - loss: 0.4062
Epoch 14/100
70/70 ━━━━━━━━━━━━━━━━━━━━ 4s 56ms/step - accuracy: 0.8695 - loss: 0.3873
Epoch 15/100
70/70 ━━━━━━━━━━━━━━━━━━━━ 4s 56ms/step - accuracy: 0.8652 - loss: 0.3957
Epoch 16/100
70/70 ━━━━━━━━━━━━━━━━━━━━ 4s 56ms/step - accuracy: 0.8646 - loss: 0.3967
Epoch 17/100
70/70 ━━━━━━━━━━━━━━━━━━━━ 4s 56ms/step - accuracy: 0.8661 - loss: 0.3937
Epoch 18/100
70/70 ━━━━━━━━━━━━━━━━━━━━ 4s 56ms/step - accuracy: 0.8716 - loss: 0.3829
Epoch 19/100
70/70 ━━━━━━━━━━━━━━━━━━━━ 4s 56ms/step - accuracy: 0.8626 - loss: 0.4005
Epoch 20/100
70/70 ━━━━━━━━━━━━━━━━━━━━ 4s 56ms/step - accuracy: 0.8681 - loss: 0.3906
Epoch 21/100
70/70 ━━━━━━━━━━━━━━━━━━━━ 4s 56ms/step - accuracy: 0.8674 - loss: 0.3911
Epoch 22/100
70/70 ━━━━━━━━━━━━━━━━━━━━ 4s 57ms/step - accuracy: 0.8783 - loss: 0.3703
Epoch 23/100
70/70 ━━━━━━━━━━━━━━━━━━━━ 4s 56ms/step - accuracy: 0.8726 - loss: 0.3813
Epoch 24/100
70/70 ━━━━━━━━━━━━━━━━━━━━ 4s 56ms/step - accuracy: 0.8718 - loss: 0.3837
Epoch 25/100
70/70 ━━━━━━━━━━━━━━━━━━━━ 4s 58ms/step - accuracy: 0.8667 - loss: 0.3921
Epoch 26/100
70/70 ━━━━━━━━━━━━━━━━━━━━ 4s 57ms/step - accuracy: 0.8809 - loss: 0.3654
Epoch 27/100
70/70 ━━━━━━━━━━━━━━━━━━━━ 4s 56ms/step - accuracy: 0.8768 - loss: 0.3740
Epoch 28/100
70/70 ━━━━━━━━━━━━━━━━━━━━ 4s 57ms/step - accuracy: 0.8647 - loss: 0.3961
Epoch 29/100
70/70 ━━━━━━━━━━━━━━━━━━━━ 4s 57ms/step - accuracy: 0.8650 - loss: 0.3961
Epoch 30/100
70/70 ━━━━━━━━━━━━━━━━━━━━ 4s 56ms/step - accuracy: 0.8654 - loss: 0.3947
Epoch 31/100
70/70 ━━━━━━━━━━━━━━━━━━━━ 4s 56ms/step - accuracy: 0.8738 - loss: 0.3787
Epoch 32/100
70/70 ━━━━━━━━━━━━━━━━━━━━ 4s 56ms/step - accuracy: 0.8749 - loss: 0.3770
Epoch 33/100
70/70 ━━━━━━━━━━━━━━━━━━━━ 4s 56ms/step - accuracy: 0.8736 - loss: 0.3795
Epoch 34/100
70/70 ━━━━━━━━━━━━━━━━━━━━ 4s 58ms/step - accuracy: 0.8772 - loss: 0.3726
Epoch 35/100
70/70 ━━━━━━━━━━━━━━━━━━━━ 4s 56ms/step - accuracy: 0.8735 - loss: 0.3791
Epoch 36/100
70/70 ━━━━━━━━━━━━━━━━━━━━ 4s 56ms/step - accuracy: 0.8644 - loss: 0.3963
Epoch 37/100
70/70 ━━━━━━━━━━━━━━━━━━━━ 4s 56ms/step - accuracy: 0.8713 - loss: 0.3829
Epoch 38/100
70/70 ━━━━━━━━━━━━━━━━━━━━ 4s 56ms/step - accuracy: 0.8726 - loss: 0.3815
Epoch 39/100
70/70 ━━━━━━━━━━━━━━━━━━━━ 4s 56ms/step - accuracy: 0.8694 - loss: 0.3865
Epoch 40/100
70/70 ━━━━━━━━━━━━━━━━━━━━ 4s 56ms/step - accuracy: 0.8687 - loss: 0.3842
Epoch 41/100
70/70 ━━━━━━━━━━━━━━━━━━━━ 4s 58ms/step - accuracy: 0.9318 - loss: 0.1656
Epoch 42/100
70/70 ━━━━━━━━━━━━━━━━━━━━ 5s 58ms/step - accuracy: 0.9573 - loss: 0.1454
Epoch 43/100
70/70 ━━━━━━━━━━━━━━━━━━━━ 4s 56ms/step - accuracy: 0.9896 - loss: 0.0509
Epoch 44/100
70/70 ━━━━━━━━━━━━━━━━━━━━ 4s 56ms/step - accuracy: 0.9963 - loss: 0.0255
Epoch 45/100
70/70 ━━━━━━━━━━━━━━━━━━━━ 4s 56ms/step - accuracy: 0.9960 - loss: 0.0244
Epoch 46/100
70/70 ━━━━━━━━━━━━━━━━━━━━ 4s 56ms/step - accuracy: 0.9989 - loss: 0.0097
Epoch 47/100
70/70 ━━━━━━━━━━━━━━━━━━━━ 4s 56ms/step - accuracy: 0.9980 - loss: 0.0149
Epoch 48/100
70/70 ━━━━━━━━━━━━━━━━━━━━ 4s 56ms/step - accuracy: 0.9977 - loss: 0.0157
Epoch 49/100
70/70 ━━━━━━━━━━━━━━━━━━━━ 5s 56ms/step - accuracy: 0.9993 - loss: 0.0051
Epoch 50/100
70/70 ━━━━━━━━━━━━━━━━━━━━ 4s 56ms/step - accuracy: 0.9996 - loss: 0.0042
Epoch 51/100
70/70 ━━━━━━━━━━━━━━━━━━━━ 4s 56ms/step - accuracy: 0.9996 - loss: 0.0037
Epoch 52/100
70/70 ━━━━━━━━━━━━━━━━━━━━ 4s 57ms/step - accuracy: 0.9994 - loss: 0.0069
Epoch 53/100
70/70 ━━━━━━━━━━━━━━━━━━━━ 4s 56ms/step - accuracy: 0.9978 - loss: 0.0087
Epoch 54/100
70/70 ━━━━━━━━━━━━━━━━━━━━ 4s 56ms/step - accuracy: 0.9995 - loss: 0.0040
Epoch 55/100
70/70 ━━━━━━━━━━━━━━━━━━━━ 4s 56ms/step - accuracy: 0.9987 - loss: 0.0099
Epoch 56/100
70/70 ━━━━━━━━━━━━━━━━━━━━ 4s 57ms/step - accuracy: 0.9988 - loss: 0.0063
Epoch 57/100
70/70 ━━━━━━━━━━━━━━━━━━━━ 4s 58ms/step - accuracy: 0.9981 - loss: 0.0092
Epoch 58/100
70/70 ━━━━━━━━━━━━━━━━━━━━ 4s 57ms/step - accuracy: 0.9991 - loss: 0.0072    
Epoch 59/100
70/70 ━━━━━━━━━━━━━━━━━━━━ 4s 57ms/step - accuracy: 0.9992 - loss: 0.0019    
Epoch 60/100
70/70 ━━━━━━━━━━━━━━━━━━━━ 4s 56ms/step - accuracy: 0.9996 - loss: 0.0029    
Epoch 61/100
70/70 ━━━━━━━━━━━━━━━━━━━━ 4s 57ms/step - accuracy: 0.9983 - loss: 0.0098
Epoch 62/100
70/70 ━━━━━━━━━━━━━━━━━━━━ 4s 56ms/step - accuracy: 0.9995 - loss: 0.0037    
Epoch 63/100
70/70 ━━━━━━━━━━━━━━━━━━━━ 4s 56ms/step - accuracy: 0.9987 - loss: 0.0055
Epoch 64/100
70/70 ━━━━━━━━━━━━━━━━━━━━ 5s 56ms/step - accuracy: 0.9999 - loss: 0.0023
Epoch 65/100
70/70 ━━━━━━━━━━━━━━━━━━━━ 4s 56ms/step - accuracy: 0.9999 - loss: 0.0011    
Epoch 66/100
70/70 ━━━━━━━━━━━━━━━━━━━━ 4s 56ms/step - accuracy: 0.9997 - loss: 0.0032    
Epoch 67/100
70/70 ━━━━━━━━━━━━━━━━━━━━ 4s 56ms/step - accuracy: 0.9993 - loss: 0.0064    
Epoch 68/100
70/70 ━━━━━━━━━━━━━━━━━━━━ 4s 56ms/step - accuracy: 0.9999 - loss: 9.8944e-04
Epoch 69/100
70/70 ━━━━━━━━━━━━━━━━━━━━ 4s 56ms/step - accuracy: 0.9999 - loss: 0.0011    
Epoch 70/100
70/70 ━━━━━━━━━━━━━━━━━━━━ 4s 57ms/step - accuracy: 1.0000 - loss: 5.8211e-04
Epoch 71/100
70/70 ━━━━━━━━━━━━━━━━━━━━ 4s 56ms/step - accuracy: 0.9995 - loss: 0.0047    
Epoch 72/100
70/70 ━━━━━━━━━━━━━━━━━━━━ 4s 57ms/step - accuracy: 0.9999 - loss: 0.0013    
Epoch 73/100
70/70 ━━━━━━━━━━━━━━━━━━━━ 4s 56ms/step - accuracy: 1.0000 - loss: 5.9686e-04
Epoch 74/100
70/70 ━━━━━━━━━━━━━━━━━━━━ 4s 56ms/step - accuracy: 1.0000 - loss: 3.9322e-04
Epoch 75/100
70/70 ━━━━━━━━━━━━━━━━━━━━ 4s 57ms/step - accuracy: 0.9997 - loss: 0.0024    
Epoch 76/100
70/70 ━━━━━━━━━━━━━━━━━━━━ 4s 57ms/step - accuracy: 0.9998 - loss: 0.0023    
Epoch 77/100
70/70 ━━━━━━━━━━━━━━━━━━━━ 4s 56ms/step - accuracy: 0.9997 - loss: 0.0026    
Epoch 78/100
70/70 ━━━━━━━━━━━━━━━━━━━━ 4s 56ms/step - accuracy: 0.9997 - loss: 0.0029    
Epoch 79/100
70/70 ━━━━━━━━━━━━━━━━━━━━ 4s 57ms/step - accuracy: 1.0000 - loss: 4.0474e-04
Epoch 80/100
70/70 ━━━━━━━━━━━━━━━━━━━━ 4s 56ms/step - accuracy: 0.9996 - loss: 0.0036    
Epoch 81/100
70/70 ━━━━━━━━━━━━━━━━━━━━ 4s 56ms/step - accuracy: 0.9999 - loss: 0.0014    
Epoch 82/100
70/70 ━━━━━━━━━━━━━━━━━━━━ 4s 57ms/step - accuracy: 0.9995 - loss: 0.0042    
Epoch 83/100
70/70 ━━━━━━━━━━━━━━━━━━━━ 5s 57ms/step - accuracy: 0.9998 - loss: 0.0018    
Epoch 84/100
70/70 ━━━━━━━━━━━━━━━━━━━━ 4s 57ms/step - accuracy: 0.9995 - loss: 0.0044    
Epoch 85/100
70/70 ━━━━━━━━━━━━━━━━━━━━ 4s 57ms/step - accuracy: 0.9998 - loss: 0.0019    
Epoch 86/100
70/70 ━━━━━━━━━━━━━━━━━━━━ 4s 57ms/step - accuracy: 1.0000 - loss: 3.5557e-04
Epoch 87/100
70/70 ━━━━━━━━━━━━━━━━━━━━ 4s 56ms/step - accuracy: 0.9999 - loss: 6.5747e-04
Epoch 88/100
70/70 ━━━━━━━━━━━━━━━━━━━━ 4s 57ms/step - accuracy: 0.9999 - loss: 7.7972e-04
Epoch 89/100
70/70 ━━━━━━━━━━━━━━━━━━━━ 4s 57ms/step - accuracy: 1.0000 - loss: 3.1948e-04
Epoch 90/100
70/70 ━━━━━━━━━━━━━━━━━━━━ 4s 58ms/step - accuracy: 0.9998 - loss: 0.0019    
Epoch 91/100
70/70 ━━━━━━━━━━━━━━━━━━━━ 4s 57ms/step - accuracy: 0.9993 - loss: 0.0057    
Epoch 92/100
70/70 ━━━━━━━━━━━━━━━━━━━━ 4s 56ms/step - accuracy: 0.9999 - loss: 0.0013    
Epoch 93/100
70/70 ━━━━━━━━━━━━━━━━━━━━ 4s 57ms/step - accuracy: 0.9996 - loss: 0.0035    
Epoch 94/100
70/70 ━━━━━━━━━━━━━━━━━━━━ 4s 57ms/step - accuracy: 0.9996 - loss: 0.0032    
Epoch 95/100
70/70 ━━━━━━━━━━━━━━━━━━━━ 4s 57ms/step - accuracy: 1.0000 - loss: 2.6496e-04
Epoch 96/100
70/70 ━━━━━━━━━━━━━━━━━━━━ 4s 57ms/step - accuracy: 1.0000 - loss: 4.2185e-04
Epoch 97/100
70/70 ━━━━━━━━━━━━━━━━━━━━ 4s 57ms/step - accuracy: 0.9992 - loss: 0.0073    
Epoch 98/100
70/70 ━━━━━━━━━━━━━━━━━━━━ 4s 56ms/step - accuracy: 0.9996 - loss: 0.0034    
Epoch 99/100
70/70 ━━━━━━━━━━━━━━━━━━━━ 4s 57ms/step - accuracy: 0.9996 - loss: 0.0033    
Epoch 100/100
70/70 ━━━━━━━━━━━━━━━━━━━━ 4s 56ms/step - accuracy: 0.9999 - loss: 0.0015    
35/35 ━━━━━━━━━━━━━━━━━━━━ 1s 11ms/step - accuracy: 0.9841 - loss: 0.0959     
Accuracy: 0.9829596281051636
Loss: 0.09984911233186722

